<?xml version="1.0" encoding="UTF-8"?>
<!-- Generated by org.testng.reporters.JUnitReportReporter -->
<testsuite skipped="0" hostname="DESKTOP-21167EL" name="amazon.qa.pageLayerTest.homePageTest" tests="2" failures="0" timestamp="19 Apr 2021 18:49:06 GMT" time="52.286" errors="0">
  <testcase name="accounTypeLists" time="24.333" classname="amazon.qa.pageLayerTest.homePageTest"/>
  <testcase name="getTitleHomeTest" time="27.953" classname="amazon.qa.pageLayerTest.homePageTest"/>
</testsuite> <!-- amazon.qa.pageLayerTest.homePageTest -->
