<?xml version="1.0" encoding="UTF-8"?>
<!-- Generated by org.testng.reporters.JUnitReportReporter -->
<testsuite skipped="0" hostname="DESKTOP-21167EL" name="amazon.qa.pageLayerTest.loginPageTest" tests="3" failures="0" timestamp="19 Apr 2021 18:49:06 GMT" time="258.948" errors="0">
  <testcase name="allLinkTest" time="238.189" classname="amazon.qa.pageLayerTest.loginPageTest"/>
  <testcase name="loginTest" time="13.879" classname="amazon.qa.pageLayerTest.loginPageTest"/>
  <testcase name="getTitleTest" time="6.880" classname="amazon.qa.pageLayerTest.loginPageTest"/>
</testsuite> <!-- amazon.qa.pageLayerTest.loginPageTest -->
